2022-07-10_16:50:03.297 [main] INFO  Bot - Bot started
2022-07-10_16:51:01.035 [main] INFO  Bot - Bot started
2022-07-10_16:51:26.917 [Bot Telegram Executor] INFO  Bot - Received: start
2022-07-10_16:51:27.120 [pool-2-thread-2] DEBUG runnable.RunnableImpl - https://www.subito.it/annunci-emilia-romagna/affitto/appartamenti/bologna/bologna/?ps=200&pe=900&rs=3 List size: 27
2022-07-10_16:51:27.140 [pool-2-thread-4] DEBUG runnable.RunnableImpl - https://www.casa.it/srp/?tr=affitti&numRoomsMin=3&priceMin=200&priceMax=900&propertyTypeGroup=case&q=12d65861%2C171c3cab%2C035cb1f0%2C853e62a4%2Cd2a360ef%2Cd80cd525 List size: 14
2022-07-10_16:51:27.327 [pool-2-thread-1] DEBUG runnable.RunnableImpl - https://www.immobiliare.it/affitto-case/bologna/?criterio=dataModifica&ordine=desc&prezzoMinimo=200&prezzoMassimo=900&superficieMinima=60&localiMinimo=3&idMZona[]=17&idMZona[]=23&idMZona[]=31 List size: 12
2022-07-10_16:51:35.042 [pool-2-thread-3] DEBUG runnable.RunnableImpl - https://www.idealista.it/affitto-case/bologna-bologna/con-prezzo_900,prezzo-min_200,trilocali-3,quadrilocali-4,5-locali-o-piu/?ordine=pubblicazione-desc List size: 36
2022-07-10_16:51:51.353 [pool-2-thread-2] DEBUG runnable.RunnableImpl - https://www.subito.it/annunci-emilia-romagna/affitto/appartamenti/bologna/bologna/?ps=200&pe=900&rs=3 List size: 27
2022-07-10_16:51:55.828 [pool-2-thread-1] DEBUG runnable.RunnableImpl - https://www.immobiliare.it/affitto-case/bologna/?criterio=dataModifica&ordine=desc&prezzoMinimo=200&prezzoMassimo=900&superficieMinima=60&localiMinimo=3&idMZona[]=17&idMZona[]=23&idMZona[]=31 List size: 12
2022-07-10_16:51:56.335 [pool-2-thread-4] DEBUG runnable.RunnableImpl - https://www.casa.it/srp/?tr=affitti&numRoomsMin=3&priceMin=200&priceMax=900&propertyTypeGroup=case&q=12d65861%2C171c3cab%2C035cb1f0%2C853e62a4%2Cd2a360ef%2Cd80cd525 List size: 14
2022-07-10_16:58:01.613 [main] INFO  Bot - Bot started
2022-07-10_16:59:35.924 [main] INFO  Bot - Bot started
2022-07-10_17:01:16.742 [Bot Telegram Executor] INFO  Bot - Received: start
2022-07-10_17:04:40.980 [main] INFO  Bot - Bot started
2022-07-10_17:06:44.506 [main] INFO  Bot - Bot started
2022-07-10_17:06:45.493 [Bot Telegram Executor] INFO  Bot - Received: start
2022-07-10_17:06:45.611 [pool-2-thread-2] DEBUG runnable.RunnableImpl - https://www.subito.it/annunci-emilia-romagna/affitto/appartamenti/bologna/bologna/?ps=200&pe=900&rs=3 List size: 27
2022-07-10_17:06:45.685 [pool-2-thread-4] DEBUG runnable.RunnableImpl - https://www.casa.it/srp/?tr=affitti&numRoomsMin=3&priceMin=200&priceMax=900&propertyTypeGroup=case&q=12d65861%2C171c3cab%2C035cb1f0%2C853e62a4%2Cd2a360ef%2Cd80cd525 List size: 14
2022-07-10_17:06:45.828 [pool-2-thread-1] DEBUG runnable.RunnableImpl - https://www.immobiliare.it/affitto-case/bologna/?criterio=dataModifica&ordine=desc&prezzoMinimo=200&prezzoMassimo=900&superficieMinima=60&localiMinimo=3&idMZona[]=17&idMZona[]=23&idMZona[]=31 List size: 12
2022-07-10_17:06:52.498 [pool-2-thread-3] DEBUG runnable.RunnableImpl - https://www.idealista.it/affitto-case/bologna-bologna/con-prezzo_900,prezzo-min_200,trilocali-3,quadrilocali-4,5-locali-o-piu/?ordine=pubblicazione-desc List size: 36
2022-07-10_17:06:52.612 [Bot Telegram Executor] INFO  Bot - Received: start
2022-07-10_17:07:06.921 [main] INFO  Bot - Bot started
2022-07-10_17:07:37.784 [Bot Telegram Executor] INFO  Bot - Received: start
2022-07-10_17:14:32.422 [main] INFO  Bot - Bot started
2022-07-10_18:10:14.970 [main] INFO  Bot - Bot started
2022-07-10_18:10:22.380 [Bot Telegram Executor] INFO  Bot - Received: start
2022-07-10_18:10:22.594 [pool-2-thread-2] DEBUG runnable.RunnableImpl - [PAGE] https://www.subito.it/annunci-emilia-romagna/affitto/appartamenti/bologna/bologna/?ps=200&pe=900&rs=3 [LIST]: 27
2022-07-10_18:10:22.599 [pool-2-thread-2] ERROR runnable.RunnableImpl - Unable to read file
java.nio.file.NoSuchFileException: ./data.txt
	at java.base/sun.nio.fs.UnixException.translateToIOException(UnixException.java:92)
	at java.base/sun.nio.fs.UnixException.rethrowAsIOException(UnixException.java:111)
	at java.base/sun.nio.fs.UnixException.rethrowAsIOException(UnixException.java:116)
	at java.base/sun.nio.fs.UnixFileSystemProvider.newFileChannel(UnixFileSystemProvider.java:182)
	at java.base/java.nio.channels.FileChannel.open(FileChannel.java:292)
	at java.base/java.nio.channels.FileChannel.open(FileChannel.java:345)
	at java.base/java.nio.file.Files.lines(Files.java:4038)
	at java.base/java.nio.file.Files.lines(Files.java:4130)
	at runnable.RunnableImpl.isNew(RunnableImpl.java:67)
	at java.base/java.util.stream.ReferencePipeline$2$1.accept(ReferencePipeline.java:176)
	at java.base/java.util.ArrayList$ArrayListSpliterator.forEachRemaining(ArrayList.java:1655)
	at java.base/java.util.stream.AbstractPipeline.copyInto(AbstractPipeline.java:484)
	at java.base/java.util.stream.AbstractPipeline.wrapAndCopyInto(AbstractPipeline.java:474)
	at java.base/java.util.stream.ForEachOps$ForEachOp.evaluateSequential(ForEachOps.java:150)
	at java.base/java.util.stream.ForEachOps$ForEachOp$OfRef.evaluateSequential(ForEachOps.java:173)
	at java.base/java.util.stream.AbstractPipeline.evaluate(AbstractPipeline.java:234)
	at java.base/java.util.stream.ReferencePipeline.forEach(ReferencePipeline.java:497)
	at runnable.RunnableImpl.run(RunnableImpl.java:93)
	at java.base/java.util.concurrent.Executors$RunnableAdapter.call(Executors.java:515)
	at java.base/java.util.concurrent.FutureTask.run(FutureTask.java:264)
	at java.base/java.util.concurrent.ThreadPoolExecutor.runWorker(ThreadPoolExecutor.java:1128)
	at java.base/java.util.concurrent.ThreadPoolExecutor$Worker.run(ThreadPoolExecutor.java:628)
	at java.base/java.lang.Thread.run(Thread.java:829)
2022-07-10_18:10:22.599 [pool-2-thread-2] DEBUG runnable.RunnableImpl - New link: https://www.subito.it/appartamenti/ampio-appartamento-per-studentesse-univ-bologna-446803935.htm
2022-07-10_18:10:22.610 [pool-2-thread-4] DEBUG runnable.RunnableImpl - [PAGE] https://www.casa.it/srp/?tr=affitti&numRoomsMin=3&priceMin=200&priceMax=900&propertyTypeGroup=case&q=12d65861%2C171c3cab%2C035cb1f0%2C853e62a4%2Cd2a360ef%2Cd80cd525 [LIST]: 14
2022-07-10_18:10:22.612 [pool-2-thread-4] DEBUG runnable.RunnableImpl - New link: https://www.casa.it/immobili/44572156/
2022-07-10_18:10:22.729 [pool-2-thread-4] DEBUG runnable.RunnableImpl - New link: https://www.casa.it/immobili/44725174/
2022-07-10_18:10:22.788 [pool-2-thread-1] DEBUG runnable.RunnableImpl - [PAGE] https://www.immobiliare.it/affitto-case/bologna/?criterio=dataModifica&ordine=desc&prezzoMinimo=200&prezzoMassimo=900&superficieMinima=60&localiMinimo=3&idMZona[]=17&idMZona[]=23&idMZona[]=31 [LIST]: 12
2022-07-10_18:10:22.788 [pool-2-thread-1] DEBUG runnable.RunnableImpl - New link: https://www.immobiliare.it/annunci/96923816/
2022-07-10_18:10:22.803 [pool-2-thread-4] DEBUG runnable.RunnableImpl - New link: https://www.casa.it/immobili/44710254/
2022-07-10_18:10:22.854 [pool-2-thread-2] DEBUG runnable.RunnableImpl - New link: https://www.subito.it/appartamenti/appartamento-borgo-panigale-bologna-446392071.htm
2022-07-10_18:10:22.892 [pool-2-thread-4] DEBUG runnable.RunnableImpl - New link: https://www.casa.it/immobili/44558570/
2022-07-10_18:10:22.948 [pool-2-thread-1] DEBUG runnable.RunnableImpl - New link: https://www.immobiliare.it/annunci/97045594/
2022-07-10_18:10:23.003 [pool-2-thread-2] DEBUG runnable.RunnableImpl - New link: https://www.subito.it/appartamenti/trilocale-in-zona-murri-bologna-446366447.htm
2022-07-10_18:10:23.038 [pool-2-thread-4] DEBUG runnable.RunnableImpl - New link: https://www.casa.it/immobili/44574713/
2022-07-10_18:10:23.115 [pool-2-thread-1] DEBUG runnable.RunnableImpl - New link: https://www.immobiliare.it/annunci/97025326/
2022-07-10_18:10:23.121 [pool-2-thread-2] DEBUG runnable.RunnableImpl - New link: https://www.subito.it/appartamenti/appartamento-zona-mazzini-bologna-446361999.htm
2022-07-10_18:10:23.228 [pool-2-thread-1] DEBUG runnable.RunnableImpl - New link: https://www.immobiliare.it/annunci/97021622/
2022-07-10_18:10:23.267 [pool-2-thread-4] DEBUG runnable.RunnableImpl - New link: https://www.casa.it/immobili/43737431/
2022-07-10_18:10:23.367 [pool-2-thread-2] DEBUG runnable.RunnableImpl - New link: https://www.subito.it/appartamenti/ampia-stanza-singola-in-zona-san-donato-bologna-446284506.htm
2022-07-10_18:10:23.451 [pool-2-thread-1] DEBUG runnable.RunnableImpl - New link: https://www.immobiliare.it/annunci/96884496/
2022-07-10_18:10:23.499 [pool-2-thread-4] DEBUG runnable.RunnableImpl - New link: https://www.casa.it/immobili/44646107/
2022-07-10_18:10:23.546 [pool-2-thread-2] DEBUG runnable.RunnableImpl - New link: https://www.subito.it/appartamenti/trilocale-in-zona-san-donato-bologna-446243570.htm
2022-07-10_18:10:23.601 [pool-2-thread-1] DEBUG runnable.RunnableImpl - New link: https://www.immobiliare.it/annunci/96344404/
2022-07-10_18:10:23.645 [pool-2-thread-4] DEBUG runnable.RunnableImpl - New link: https://www.casa.it/immobili/44750949/
2022-07-10_18:10:23.698 [pool-2-thread-2] DEBUG runnable.RunnableImpl - New link: https://www.subito.it/appartamenti/trilocale-in-strada-maggiore-bologna-446193033.htm
2022-07-10_18:10:23.762 [pool-2-thread-1] DEBUG runnable.RunnableImpl - New link: https://www.immobiliare.it/annunci/96679012/
2022-07-10_18:10:23.794 [pool-2-thread-4] DEBUG runnable.RunnableImpl - New link: https://www.casa.it/immobili/44626771/
2022-07-10_18:10:23.873 [pool-2-thread-2] DEBUG runnable.RunnableImpl - New link: https://www.subito.it/appartamenti/trilocale-in-zona-porta-san-felice-bologna-446076983.htm
2022-07-10_18:10:23.887 [pool-2-thread-1] DEBUG runnable.RunnableImpl - New link: https://www.immobiliare.it/annunci/96648012/
2022-07-10_18:10:23.973 [pool-2-thread-4] DEBUG runnable.RunnableImpl - New link: https://www.casa.it/immobili/44689797/
2022-07-10_18:10:24.010 [pool-2-thread-2] DEBUG runnable.RunnableImpl - New link: https://www.subito.it/appartamenti/trilocale-in-zona-massarenti-bologna-446064309.htm
2022-07-10_18:10:24.081 [pool-2-thread-1] DEBUG runnable.RunnableImpl - New link: https://www.immobiliare.it/annunci/96570360/
2022-07-10_18:10:24.125 [pool-2-thread-4] DEBUG runnable.RunnableImpl - New link: https://www.casa.it/immobili/44715983/
2022-07-10_18:10:24.176 [pool-2-thread-2] DEBUG runnable.RunnableImpl - New link: https://www.subito.it/appartamenti/stanza-singola-zona-massarenti-bologna-446055728.htm
2022-07-10_18:10:24.232 [pool-2-thread-1] DEBUG runnable.RunnableImpl - New link: https://www.immobiliare.it/annunci/96345484/
2022-07-10_18:10:24.264 [pool-2-thread-4] DEBUG runnable.RunnableImpl - New link: https://www.casa.it/immobili/44654476/
2022-07-10_18:10:24.308 [pool-2-thread-2] DEBUG runnable.RunnableImpl - New link: https://www.subito.it/appartamenti/camera-doppia-zona-s-donato-bologna-446049633.htm
2022-07-10_18:10:24.362 [pool-2-thread-1] DEBUG runnable.RunnableImpl - New link: https://www.immobiliare.it/annunci/96318704/
2022-07-10_18:10:30.433 [pool-2-thread-4] DEBUG runnable.RunnableImpl - New link: https://www.casa.it/immobili/44608271/
2022-07-10_18:10:30.496 [pool-2-thread-2] DEBUG runnable.RunnableImpl - New link: https://www.subito.it/appartamenti/trilocale-zona-saffi-bologna-446039475.htm
2022-07-10_18:10:30.519 [pool-2-thread-3] DEBUG runnable.RunnableImpl - [PAGE] https://www.idealista.it/affitto-case/bologna-bologna/con-prezzo_900,prezzo-min_200,trilocali-3,quadrilocali-4,5-locali-o-piu/?ordine=pubblicazione-desc [LIST]: 36
2022-07-10_18:10:30.520 [pool-2-thread-3] DEBUG runnable.RunnableImpl - New link: https://www.idealista.it/immobile/5875301/
2022-07-10_18:10:30.525 [pool-2-thread-1] DEBUG runnable.RunnableImpl - New link: https://www.immobiliare.it/annunci/85701844/
2022-07-10_18:10:30.605 [pool-2-thread-4] DEBUG runnable.RunnableImpl - New link: https://www.casa.it/immobili/44408728/
2022-07-10_18:10:30.648 [pool-2-thread-2] DEBUG runnable.RunnableImpl - New link: https://www.subito.it/appartamenti/trilocale-in-zona-bologina-bologna-446011754.htm
2022-07-10_18:10:30.695 [pool-2-thread-3] DEBUG runnable.RunnableImpl - New link: https://www.idealista.it/immobile/25153382/
2022-07-10_18:10:30.904 [pool-2-thread-2] DEBUG runnable.RunnableImpl - New link: https://www.subito.it/appartamenti/appartamento-in-zona-sant-orsola-bologna-445551530.htm
2022-07-10_18:10:30.929 [pool-2-thread-3] DEBUG runnable.RunnableImpl - New link: https://www.idealista.it/immobile/25141577/
2022-07-10_18:10:31.006 [pool-2-thread-2] DEBUG runnable.RunnableImpl - New link: https://www.subito.it/appartamenti/trilocale-disponibile-da-subito-bologna-445533800.htm
2022-07-10_18:10:31.061 [pool-2-thread-3] DEBUG runnable.RunnableImpl - New link: https://www.idealista.it/immobile/25141336/
2022-07-10_18:10:31.124 [pool-2-thread-2] DEBUG runnable.RunnableImpl - New link: https://www.subito.it/appartamenti/trilocale-in-zona-saffi-bologna-445363427.htm
2022-07-10_18:10:31.174 [pool-2-thread-3] DEBUG runnable.RunnableImpl - New link: https://www.idealista.it/immobile/25138470/
2022-07-10_18:10:31.238 [pool-2-thread-2] DEBUG runnable.RunnableImpl - New link: https://www.subito.it/appartamenti/bilocale-bologna-porta-galliera-via-indipendenza-bologna-445137105.htm
2022-07-10_18:10:31.267 [pool-2-thread-3] DEBUG runnable.RunnableImpl - New link: https://www.idealista.it/immobile/25122160/
2022-07-10_18:10:31.355 [pool-2-thread-2] DEBUG runnable.RunnableImpl - New link: https://www.subito.it/appartamenti/savena-luminoso-appartamento-con-balcone-bologna-443935169.htm
2022-07-10_18:10:31.432 [pool-2-thread-3] DEBUG runnable.RunnableImpl - New link: https://www.idealista.it/immobile/25112363/
2022-07-10_18:10:31.465 [pool-2-thread-2] DEBUG runnable.RunnableImpl - New link: https://www.subito.it/appartamenti/trilocale-arredato-bologna-443800733.htm
2022-07-10_18:10:31.550 [pool-2-thread-3] DEBUG runnable.RunnableImpl - New link: https://www.idealista.it/immobile/25112324/
2022-07-10_18:10:31.581 [pool-2-thread-2] DEBUG runnable.RunnableImpl - New link: https://www.subito.it/appartamenti/5-locali-a-bologna-bologna-443784905.htm
2022-07-10_18:10:31.664 [pool-2-thread-3] DEBUG runnable.RunnableImpl - New link: https://www.idealista.it/immobile/25107256/
2022-07-10_18:10:31.704 [pool-2-thread-2] DEBUG runnable.RunnableImpl - New link: https://www.subito.it/appartamenti/trilocale-ristrutt-e-arredato-zona-pontevecchio-bologna-443191647.htm
2022-07-10_18:10:31.776 [pool-2-thread-3] DEBUG runnable.RunnableImpl - New link: https://www.idealista.it/immobile/25087987/
2022-07-10_18:10:31.827 [pool-2-thread-2] DEBUG runnable.RunnableImpl - New link: https://www.subito.it/appartamenti/appartamento-80-mq-bologna-442162713.htm
2022-07-10_18:10:31.875 [pool-2-thread-3] DEBUG runnable.RunnableImpl - New link: https://www.idealista.it/immobile/25086527/
2022-07-10_18:10:31.921 [pool-2-thread-2] DEBUG runnable.RunnableImpl - New link: https://www.subito.it/appartamenti/appartamentino-zona-mazzini-via-montanari-bologna-441415659.htm
2022-07-10_18:10:31.971 [pool-2-thread-3] DEBUG runnable.RunnableImpl - New link: https://www.idealista.it/immobile/25083404/
2022-07-10_18:10:32.031 [pool-2-thread-2] DEBUG runnable.RunnableImpl - New link: https://www.subito.it/appartamenti/appartamento-in-per-due-persone-entro-settembr-bologna-440919968.htm
2022-07-10_18:10:32.087 [pool-2-thread-3] DEBUG runnable.RunnableImpl - New link: https://www.idealista.it/immobile/19657868/
2022-07-10_18:10:38.558 [pool-2-thread-2] DEBUG runnable.RunnableImpl - New link: https://www.subito.it/appartamenti/tina-bologna-437509454.htm
2022-07-10_18:10:38.558 [pool-2-thread-3] DEBUG runnable.RunnableImpl - New link: https://www.idealista.it/immobile/22364804/
2022-07-10_18:10:38.686 [pool-2-thread-3] DEBUG runnable.RunnableImpl - New link: https://www.idealista.it/immobile/25070388/
2022-07-10_18:10:38.747 [pool-2-thread-2] DEBUG runnable.RunnableImpl - New link: https://www.subito.it/appartamenti/appartamento-semi-arredato-libero-da-giugno-2022-bologna-429777596.htm
2022-07-10_18:10:38.807 [pool-2-thread-3] DEBUG runnable.RunnableImpl - New link: https://www.idealista.it/immobile/25049343/
2022-07-10_18:10:38.887 [pool-2-thread-3] DEBUG runnable.RunnableImpl - New link: https://www.idealista.it/immobile/25047983/
2022-07-10_18:10:39.014 [pool-2-thread-3] DEBUG runnable.RunnableImpl - New link: https://www.idealista.it/immobile/25039642/
2022-07-10_18:10:39.125 [pool-2-thread-3] DEBUG runnable.RunnableImpl - New link: https://www.idealista.it/immobile/25038634/
2022-07-10_18:10:39.228 [pool-2-thread-3] DEBUG runnable.RunnableImpl - New link: https://www.idealista.it/immobile/25018730/
2022-07-10_18:10:39.399 [pool-2-thread-3] DEBUG runnable.RunnableImpl - New link: https://www.idealista.it/immobile/25004272/
2022-07-10_18:10:39.515 [pool-2-thread-3] DEBUG runnable.RunnableImpl - New link: https://www.idealista.it/immobile/24997661/
2022-07-10_18:10:39.615 [pool-2-thread-3] DEBUG runnable.RunnableImpl - New link: https://www.idealista.it/immobile/24977745/
2022-07-10_18:10:39.715 [pool-2-thread-3] DEBUG runnable.RunnableImpl - New link: https://www.idealista.it/immobile/24961733/
2022-07-10_18:10:39.822 [pool-2-thread-3] DEBUG runnable.RunnableImpl - New link: https://www.idealista.it/immobile/24958943/
2022-07-10_18:10:39.965 [pool-2-thread-3] DEBUG runnable.RunnableImpl - New link: https://www.idealista.it/immobile/24950577/
2022-07-10_18:10:40.073 [pool-2-thread-3] DEBUG runnable.RunnableImpl - New link: https://www.idealista.it/immobile/24949112/
2022-07-10_18:10:40.188 [pool-2-thread-3] DEBUG runnable.RunnableImpl - New link: https://www.idealista.it/immobile/9162979/
2022-07-10_18:10:40.302 [pool-2-thread-3] DEBUG runnable.RunnableImpl - New link: https://www.idealista.it/immobile/24910389/
2022-07-10_18:10:40.409 [pool-2-thread-3] DEBUG runnable.RunnableImpl - New link: https://www.idealista.it/immobile/24929481/
2022-07-10_18:10:40.532 [pool-2-thread-3] DEBUG runnable.RunnableImpl - New link: https://www.idealista.it/immobile/24906612/
2022-07-10_18:10:40.648 [pool-2-thread-3] DEBUG runnable.RunnableImpl - New link: https://www.idealista.it/immobile/11099196/
2022-07-10_18:10:40.747 [pool-2-thread-3] DEBUG runnable.RunnableImpl - New link: https://www.idealista.it/immobile/24790626/
2022-07-10_18:10:40.833 [pool-2-thread-3] DEBUG runnable.RunnableImpl - New link: https://www.idealista.it/immobile/24568134/
2022-07-10_18:10:40.943 [pool-2-thread-3] DEBUG runnable.RunnableImpl - New link: https://www.idealista.it/immobile/24525090/
2022-07-10_18:10:41.045 [pool-2-thread-3] DEBUG runnable.RunnableImpl - New link: https://www.idealista.it/immobile/24065439/
2022-07-10_18:10:56.625 [pool-2-thread-4] DEBUG runnable.RunnableImpl - [PAGE] https://www.casa.it/srp/?tr=affitti&numRoomsMin=3&priceMin=200&priceMax=900&propertyTypeGroup=case&q=12d65861%2C171c3cab%2C035cb1f0%2C853e62a4%2Cd2a360ef%2Cd80cd525 [LIST]: 14
2022-07-10_18:10:57.229 [pool-2-thread-1] DEBUG runnable.RunnableImpl - [PAGE] https://www.immobiliare.it/affitto-case/bologna/?criterio=dataModifica&ordine=desc&prezzoMinimo=200&prezzoMassimo=900&superficieMinima=60&localiMinimo=3&idMZona[]=17&idMZona[]=23&idMZona[]=31 [LIST]: 12
2022-07-10_18:11:04.056 [pool-2-thread-2] DEBUG runnable.RunnableImpl - [PAGE] https://www.subito.it/annunci-emilia-romagna/affitto/appartamenti/bologna/bologna/?ps=200&pe=900&rs=3 [LIST]: 27
2022-07-10_18:11:10.343 [pool-2-thread-3] DEBUG runnable.RunnableImpl - [PAGE] https://www.idealista.it/affitto-case/bologna-bologna/con-prezzo_900,prezzo-min_200,trilocali-3,quadrilocali-4,5-locali-o-piu/?ordine=pubblicazione-desc [LIST]: 36
2022-07-10_18:11:17.817 [pool-2-thread-4] DEBUG runnable.RunnableImpl - [PAGE] https://www.casa.it/srp/?tr=affitti&numRoomsMin=3&priceMin=200&priceMax=900&propertyTypeGroup=case&q=12d65861%2C171c3cab%2C035cb1f0%2C853e62a4%2Cd2a360ef%2Cd80cd525 [LIST]: 14
2022-07-10_18:11:48.499 [main] INFO  Bot - Bot started
2022-07-10_18:11:57.845 [Bot Telegram Executor] INFO  Bot - Received: start
2022-07-10_18:11:58.099 [pool-2-thread-2] DEBUG runnable.RunnableImpl - [PAGE] https://www.subito.it/annunci-emilia-romagna/affitto/appartamenti/bologna/bologna/?ps=200&pe=900&rs=3 [LIST]: 27
2022-07-10_18:11:58.107 [pool-2-thread-4] DEBUG runnable.RunnableImpl - [PAGE] https://www.casa.it/srp/?tr=affitti&numRoomsMin=3&priceMin=200&priceMax=900&propertyTypeGroup=case&q=12d65861%2C171c3cab%2C035cb1f0%2C853e62a4%2Cd2a360ef%2Cd80cd525 [LIST]: 14
2022-07-10_18:11:58.326 [pool-2-thread-1] DEBUG runnable.RunnableImpl - [PAGE] https://www.immobiliare.it/affitto-case/bologna/?criterio=dataModifica&ordine=desc&prezzoMinimo=200&prezzoMassimo=900&superficieMinima=60&localiMinimo=3&idMZona[]=17&idMZona[]=23&idMZona[]=31 [LIST]: 12
2022-07-10_18:12:03.966 [pool-2-thread-3] DEBUG runnable.RunnableImpl - [PAGE] https://www.idealista.it/affitto-case/bologna-bologna/con-prezzo_900,prezzo-min_200,trilocali-3,quadrilocali-4,5-locali-o-piu/?ordine=pubblicazione-desc [LIST]: 36
2022-07-10_18:12:08.329 [Bot Telegram Executor] INFO  Bot - Received: stop
2022-07-10_21:19:01.392 [main] INFO  Bot - Bot started
2022-07-10_21:26:56.215 [main] INFO  Bot - Bot started
2022-07-10_21:27:13.005 [Bot Telegram Executor] INFO  Bot - Received: start
2022-07-10_21:27:13.010 [pool-2-thread-3] DEBUG runnable.RunnableImpl - [FILES] [/home/adamf42/Projects/HomeFinder/./logs.log, /home/adamf42/Projects/HomeFinder/./Dockerfile, /home/adamf42/Projects/HomeFinder/./pom.xml, /home/adamf42/Projects/HomeFinder/./data.txt, /home/adamf42/Projects/HomeFinder/./config.yml, /home/adamf42/Projects/HomeFinder/./.gitignore, /home/adamf42/Projects/HomeFinder/./README.md]
2022-07-10_21:27:13.010 [pool-2-thread-1] DEBUG runnable.RunnableImpl - [FILES] [/home/adamf42/Projects/HomeFinder/./logs.log, /home/adamf42/Projects/HomeFinder/./Dockerfile, /home/adamf42/Projects/HomeFinder/./pom.xml, /home/adamf42/Projects/HomeFinder/./data.txt, /home/adamf42/Projects/HomeFinder/./config.yml, /home/adamf42/Projects/HomeFinder/./.gitignore, /home/adamf42/Projects/HomeFinder/./README.md]
2022-07-10_21:27:13.010 [pool-2-thread-2] DEBUG runnable.RunnableImpl - [FILES] [/home/adamf42/Projects/HomeFinder/./logs.log, /home/adamf42/Projects/HomeFinder/./Dockerfile, /home/adamf42/Projects/HomeFinder/./pom.xml, /home/adamf42/Projects/HomeFinder/./data.txt, /home/adamf42/Projects/HomeFinder/./config.yml, /home/adamf42/Projects/HomeFinder/./.gitignore, /home/adamf42/Projects/HomeFinder/./README.md]
2022-07-10_21:27:13.010 [pool-2-thread-4] DEBUG runnable.RunnableImpl - [FILES] [/home/adamf42/Projects/HomeFinder/./logs.log, /home/adamf42/Projects/HomeFinder/./Dockerfile, /home/adamf42/Projects/HomeFinder/./pom.xml, /home/adamf42/Projects/HomeFinder/./data.txt, /home/adamf42/Projects/HomeFinder/./config.yml, /home/adamf42/Projects/HomeFinder/./.gitignore, /home/adamf42/Projects/HomeFinder/./README.md]
2022-07-10_21:27:18.436 [pool-2-thread-2] DEBUG runnable.RunnableImpl - [PAGE] https://www.subito.it/annunci-emilia-romagna/affitto/appartamenti/bologna/bologna/?ps=200&pe=900&rs=3 [LIST]: 27
2022-07-10_21:27:18.795 [pool-2-thread-1] DEBUG runnable.RunnableImpl - [PAGE] https://www.immobiliare.it/affitto-case/bologna/?criterio=dataModifica&ordine=desc&prezzoMinimo=200&prezzoMassimo=900&superficieMinima=60&localiMinimo=3&idMZona[]=17&idMZona[]=23&idMZona[]=31 [LIST]: 12
2022-07-10_21:27:22.484 [pool-2-thread-4] DEBUG runnable.RunnableImpl - [PAGE] https://www.casa.it/srp/?tr=affitti&numRoomsMin=3&priceMin=200&priceMax=900&propertyTypeGroup=case&q=12d65861%2C171c3cab%2C035cb1f0%2C853e62a4%2Cd2a360ef%2Cd80cd525 [LIST]: 14
2022-07-10_21:27:24.305 [pool-2-thread-3] DEBUG runnable.RunnableImpl - [PAGE] https://www.idealista.it/affitto-case/bologna-bologna/con-prezzo_900,prezzo-min_200,trilocali-3,quadrilocali-4,5-locali-o-piu/?ordine=pubblicazione-desc [LIST]: 36
2022-07-10_21:27:47.527 [pool-2-thread-1] DEBUG runnable.RunnableImpl - [PAGE] https://www.immobiliare.it/affitto-case/bologna/?criterio=dataModifica&ordine=desc&prezzoMinimo=200&prezzoMassimo=900&superficieMinima=60&localiMinimo=3&idMZona[]=17&idMZona[]=23&idMZona[]=31 [LIST]: 12
2022-07-10_21:27:50.699 [pool-2-thread-4] DEBUG runnable.RunnableImpl - [PAGE] https://www.casa.it/srp/?tr=affitti&numRoomsMin=3&priceMin=200&priceMax=900&propertyTypeGroup=case&q=12d65861%2C171c3cab%2C035cb1f0%2C853e62a4%2Cd2a360ef%2Cd80cd525 [LIST]: 14
2022-07-10_21:27:52.698 [pool-2-thread-2] DEBUG runnable.RunnableImpl - [PAGE] https://www.subito.it/annunci-emilia-romagna/affitto/appartamenti/bologna/bologna/?ps=200&pe=900&rs=3 [LIST]: 27
2022-07-10_21:28:02.420 [pool-2-thread-3] DEBUG runnable.RunnableImpl - [PAGE] https://www.idealista.it/affitto-case/bologna-bologna/con-prezzo_900,prezzo-min_200,trilocali-3,quadrilocali-4,5-locali-o-piu/?ordine=pubblicazione-desc [LIST]: 36
2022-07-10_21:31:02.465 [main] INFO  Bot - Bot started
2022-07-13_00:00:20.251 [main] INFO  Bot - Getting configuration
2022-07-13_00:00:20.385 [main] INFO  Bot - Getting mongoDb
2022-07-13_00:00:20.631 [main] INFO  Bot - Getting starting pages
2022-07-13_00:00:23.150 [main] INFO  Bot - Getting executor
2022-07-13_00:00:23.151 [main] INFO  Bot - Getting Telegram Bot
2022-07-13_00:00:23.654 [main] INFO  Bot - Bot started
2022-07-13_00:00:23.957 [Bot Telegram Executor] INFO  Bot - [MSG] test [FROM] User(id=55585460, firstName=Adam, isBot=false, lastName=null, userName=adamf42, languageCode=en, canJoinGroups=null, canReadAllGroupMessages=null, supportInlineQueries=null, isPremium=null, addedToAttachmentMenu=null)
2022-07-13_00:00:23.959 [Bot Telegram Executor] INFO  Bot - [MSG] ping [FROM] User(id=55585460, firstName=Adam, isBot=false, lastName=null, userName=adamf42, languageCode=en, canJoinGroups=null, canReadAllGroupMessages=null, supportInlineQueries=null, isPremium=null, addedToAttachmentMenu=null)
2022-07-13_00:00:35.812 [Bot Telegram Executor] INFO  Bot - [MSG] start [FROM] User(id=55585460, firstName=Adam, isBot=false, lastName=null, userName=adamf42, languageCode=en, canJoinGroups=null, canReadAllGroupMessages=null, supportInlineQueries=null, isPremium=null, addedToAttachmentMenu=null)
2022-07-13_00:00:42.193 [pool-2-thread-3] DEBUG runnable.RunnableImpl - [PAGE] https://www.casa.it/srp/?tr=affitti&numRoomsMin=3&priceMin=200&priceMax=900&propertyTypeGroup=case&q=12d65861%2C171c3cab%2C035cb1f0%2C853e62a4%2Cd2a360ef%2Cd80cd525 [LIST]: 15
2022-07-13_00:00:42.195 [pool-2-thread-3] INFO  runnable.RunnableImpl - [NEW LINK] https://www.casa.it/immobili/44789000/
2022-07-13_00:00:44.496 [pool-2-thread-4] ERROR pages.Idealista - Unable to get document.
org.jsoup.HttpStatusException: HTTP error fetching URL. Status=403, URL=[https://www.casa.it/affitto-case/bologna-bologna/con-prezzo_900,prezzo-min_200,trilocali-3,quadrilocali-4,5-locali-o-piu/lista-2.htm?ordine=pubblicazione-desc]
	at org.jsoup.helper.HttpConnection$Response.execute(HttpConnection.java:890)
	at org.jsoup.helper.HttpConnection$Response.execute(HttpConnection.java:829)
	at org.jsoup.helper.HttpConnection.execute(HttpConnection.java:366)
	at org.jsoup.helper.HttpConnection.get(HttpConnection.java:353)
	at pages.Idealista.getDocument(Idealista.java:48)
	at pages.Idealista.<init>(Idealista.java:27)
	at pages.Idealista.getNextPage(Idealista.java:73)
	at runnable.RunnableImpl.getAllLinks(RunnableImpl.java:94)
	at runnable.RunnableImpl.getAllLinks(RunnableImpl.java:83)
	at runnable.RunnableImpl.run(RunnableImpl.java:54)
	at java.base/java.util.concurrent.Executors$RunnableAdapter.call(Executors.java:515)
	at java.base/java.util.concurrent.FutureTask.run(FutureTask.java:264)
	at java.base/java.util.concurrent.ThreadPoolExecutor.runWorker(ThreadPoolExecutor.java:1128)
	at java.base/java.util.concurrent.ThreadPoolExecutor$Worker.run(ThreadPoolExecutor.java:628)
	at java.base/java.lang.Thread.run(Thread.java:829)
2022-07-13_00:00:45.597 [pool-2-thread-1] DEBUG runnable.RunnableImpl - [PAGE] https://www.immobiliare.it/affitto-case/bologna/?criterio=dataModifica&ordine=desc&prezzoMinimo=200&prezzoMassimo=900&superficieMinima=60&localiMinimo=3&idMZona[]=17&idMZona[]=23&idMZona[]=31 [LIST]: 14
2022-07-13_00:00:45.597 [pool-2-thread-1] INFO  runnable.RunnableImpl - [NEW LINK] https://www.immobiliare.it/annunci/97131288/
2022-07-13_00:00:46.188 [pool-2-thread-2] DEBUG runnable.RunnableImpl - [PAGE] https://www.subito.it/annunci-emilia-romagna/affitto/appartamenti/bologna/bologna/?ps=200&pe=900&rs=3 [LIST]: 25
2022-07-13_00:00:46.189 [pool-2-thread-2] ERROR runnable.RunnableImpl - Generic error
java.lang.IllegalArgumentException: state should be: writes is not an empty list
	at com.mongodb.assertions.Assertions.isTrueArgument(Assertions.java:101)
	at com.mongodb.operation.MixedBulkWriteOperation.<init>(MixedBulkWriteOperation.java:113)
	at com.mongodb.internal.operation.Operations.insertMany(Operations.java:385)
	at com.mongodb.internal.operation.SyncOperations.insertMany(SyncOperations.java:205)
	at com.mongodb.client.internal.MongoCollectionImpl.executeInsertMany(MongoCollectionImpl.java:529)
	at com.mongodb.client.internal.MongoCollectionImpl.insertMany(MongoCollectionImpl.java:513)
	at com.mongodb.client.internal.MongoCollectionImpl.insertMany(MongoCollectionImpl.java:508)
	at data.HouseRepositoryMongo.saveHouses(HouseRepositoryMongo.java:30)
	at runnable.RunnableImpl.run(RunnableImpl.java:59)
	at java.base/java.util.concurrent.Executors$RunnableAdapter.call(Executors.java:515)
	at java.base/java.util.concurrent.FutureTask.run(FutureTask.java:264)
	at java.base/java.util.concurrent.ThreadPoolExecutor.runWorker(ThreadPoolExecutor.java:1128)
	at java.base/java.util.concurrent.ThreadPoolExecutor$Worker.run(ThreadPoolExecutor.java:628)
	at java.base/java.lang.Thread.run(Thread.java:829)
2022-07-13_00:00:54.497 [pool-2-thread-4] ERROR runnable.RunnableImpl - Generic error
java.lang.NullPointerException: null
	at pages.Idealista.getLinks(Idealista.java:57)
	at runnable.RunnableImpl.getAllLinks(RunnableImpl.java:90)
	at runnable.RunnableImpl.getAllLinks(RunnableImpl.java:94)
	at runnable.RunnableImpl.getAllLinks(RunnableImpl.java:83)
	at runnable.RunnableImpl.run(RunnableImpl.java:54)
	at java.base/java.util.concurrent.Executors$RunnableAdapter.call(Executors.java:515)
	at java.base/java.util.concurrent.FutureTask.run(FutureTask.java:264)
	at java.base/java.util.concurrent.ThreadPoolExecutor.runWorker(ThreadPoolExecutor.java:1128)
	at java.base/java.util.concurrent.ThreadPoolExecutor$Worker.run(ThreadPoolExecutor.java:628)
	at java.base/java.lang.Thread.run(Thread.java:829)
2022-07-13_12:10:01.127 [main] INFO  Bot - Getting configuration
2022-07-13_12:10:01.233 [main] INFO  Bot - Getting mongoDb
2022-07-13_12:11:19.219 [main] INFO  Bot - Getting configuration
2022-07-13_12:11:19.509 [main] INFO  Bot - Getting mongoDb
2022-07-13_12:12:59.750 [main] INFO  Bot - Getting configuration
2022-07-13_12:12:59.866 [main] INFO  Bot - Getting mongoDb
2022-07-13_12:13:00.988 [main] INFO  Bot - Getting starting pages
2022-07-13_12:13:07.346 [main] INFO  Bot - Getting executor
2022-07-13_12:13:07.346 [main] INFO  Bot - Getting Telegram Bot
2022-07-13_12:13:08.074 [main] INFO  Bot - Bot started
2022-07-13_12:13:09.953 [Bot Telegram Executor] INFO  Bot - [MSG] start [FROM] User(id=55585460, firstName=Adam, isBot=false, lastName=null, userName=adamf42, languageCode=en, canJoinGroups=null, canReadAllGroupMessages=null, supportInlineQueries=null, isPremium=null, addedToAttachmentMenu=null)
2022-07-13_12:13:16.750 [pool-2-thread-2] DEBUG runnable.RunnableImpl - [PAGE] https://www.subito.it/annunci-emilia-romagna/affitto/appartamenti/bologna/bologna/?ps=200&pe=900&rs=3 [LIST]: 24
2022-07-13_12:13:16.756 [pool-2-thread-2] ERROR runnable.RunnableImpl - Generic error
java.lang.IllegalArgumentException: state should be: writes is not an empty list
	at com.mongodb.assertions.Assertions.isTrueArgument(Assertions.java:101)
	at com.mongodb.operation.MixedBulkWriteOperation.<init>(MixedBulkWriteOperation.java:113)
	at com.mongodb.internal.operation.Operations.insertMany(Operations.java:385)
	at com.mongodb.internal.operation.SyncOperations.insertMany(SyncOperations.java:205)
	at com.mongodb.client.internal.MongoCollectionImpl.executeInsertMany(MongoCollectionImpl.java:529)
	at com.mongodb.client.internal.MongoCollectionImpl.insertMany(MongoCollectionImpl.java:513)
	at com.mongodb.client.internal.MongoCollectionImpl.insertMany(MongoCollectionImpl.java:508)
	at data.HouseRepositoryMongo.saveHouses(HouseRepositoryMongo.java:30)
	at runnable.RunnableImpl.run(RunnableImpl.java:59)
	at java.base/java.util.concurrent.Executors$RunnableAdapter.call(Executors.java:515)
	at java.base/java.util.concurrent.FutureTask.run(FutureTask.java:264)
	at java.base/java.util.concurrent.ThreadPoolExecutor.runWorker(ThreadPoolExecutor.java:1128)
	at java.base/java.util.concurrent.ThreadPoolExecutor$Worker.run(ThreadPoolExecutor.java:628)
	at java.base/java.lang.Thread.run(Thread.java:829)
2022-07-13_12:13:16.789 [pool-2-thread-1] DEBUG runnable.RunnableImpl - [PAGE] https://www.immobiliare.it/affitto-case/bologna/?criterio=dataModifica&ordine=desc&prezzoMinimo=200&prezzoMassimo=900&superficieMinima=60&localiMinimo=3&idMZona[]=17&idMZona[]=23&idMZona[]=31 [LIST]: 14
2022-07-13_12:13:16.789 [pool-2-thread-1] ERROR runnable.RunnableImpl - Generic error
java.lang.IllegalArgumentException: state should be: writes is not an empty list
	at com.mongodb.assertions.Assertions.isTrueArgument(Assertions.java:101)
	at com.mongodb.operation.MixedBulkWriteOperation.<init>(MixedBulkWriteOperation.java:113)
	at com.mongodb.internal.operation.Operations.insertMany(Operations.java:385)
	at com.mongodb.internal.operation.SyncOperations.insertMany(SyncOperations.java:205)
	at com.mongodb.client.internal.MongoCollectionImpl.executeInsertMany(MongoCollectionImpl.java:529)
	at com.mongodb.client.internal.MongoCollectionImpl.insertMany(MongoCollectionImpl.java:513)
	at com.mongodb.client.internal.MongoCollectionImpl.insertMany(MongoCollectionImpl.java:508)
	at data.HouseRepositoryMongo.saveHouses(HouseRepositoryMongo.java:30)
	at runnable.RunnableImpl.run(RunnableImpl.java:59)
	at java.base/java.util.concurrent.Executors$RunnableAdapter.call(Executors.java:515)
	at java.base/java.util.concurrent.FutureTask.run(FutureTask.java:264)
	at java.base/java.util.concurrent.ThreadPoolExecutor.runWorker(ThreadPoolExecutor.java:1128)
	at java.base/java.util.concurrent.ThreadPoolExecutor$Worker.run(ThreadPoolExecutor.java:628)
	at java.base/java.lang.Thread.run(Thread.java:829)
2022-07-13_12:13:17.347 [pool-2-thread-4] ERROR pages.Idealista - Unable to get document.
org.jsoup.HttpStatusException: HTTP error fetching URL. Status=403, URL=[https://www.casa.it/affitto-case/bologna-bologna/con-prezzo_900,prezzo-min_200,trilocali-3,quadrilocali-4,5-locali-o-piu/lista-2.htm?ordine=pubblicazione-desc]
	at org.jsoup.helper.HttpConnection$Response.execute(HttpConnection.java:890)
	at org.jsoup.helper.HttpConnection$Response.execute(HttpConnection.java:829)
	at org.jsoup.helper.HttpConnection.execute(HttpConnection.java:366)
	at org.jsoup.helper.HttpConnection.get(HttpConnection.java:353)
	at pages.Idealista.getDocument(Idealista.java:48)
	at pages.Idealista.<init>(Idealista.java:27)
	at pages.Idealista.getNextPage(Idealista.java:73)
	at runnable.RunnableImpl.getAllLinks(RunnableImpl.java:94)
	at runnable.RunnableImpl.getAllLinks(RunnableImpl.java:83)
	at runnable.RunnableImpl.run(RunnableImpl.java:54)
	at java.base/java.util.concurrent.Executors$RunnableAdapter.call(Executors.java:515)
	at java.base/java.util.concurrent.FutureTask.run(FutureTask.java:264)
	at java.base/java.util.concurrent.ThreadPoolExecutor.runWorker(ThreadPoolExecutor.java:1128)
	at java.base/java.util.concurrent.ThreadPoolExecutor$Worker.run(ThreadPoolExecutor.java:628)
	at java.base/java.lang.Thread.run(Thread.java:829)
2022-07-13_12:13:19.130 [pool-2-thread-3] DEBUG runnable.RunnableImpl - [PAGE] https://www.casa.it/srp/?tr=affitti&numRoomsMin=3&priceMin=200&priceMax=900&propertyTypeGroup=case&q=12d65861%2C171c3cab%2C035cb1f0%2C853e62a4%2Cd2a360ef%2Cd80cd525 [LIST]: 16
2022-07-13_12:13:19.130 [pool-2-thread-3] INFO  runnable.RunnableImpl - [NEW LINK] https://www.casa.it/immobili/44791269/
2022-07-13_12:13:24.352 [pool-2-thread-4] ERROR runnable.RunnableImpl - Generic error
java.lang.NullPointerException: null
	at pages.Idealista.getLinks(Idealista.java:57)
	at runnable.RunnableImpl.getAllLinks(RunnableImpl.java:90)
	at runnable.RunnableImpl.getAllLinks(RunnableImpl.java:94)
	at runnable.RunnableImpl.getAllLinks(RunnableImpl.java:83)
	at runnable.RunnableImpl.run(RunnableImpl.java:54)
	at java.base/java.util.concurrent.Executors$RunnableAdapter.call(Executors.java:515)
	at java.base/java.util.concurrent.FutureTask.run(FutureTask.java:264)
	at java.base/java.util.concurrent.ThreadPoolExecutor.runWorker(ThreadPoolExecutor.java:1128)
	at java.base/java.util.concurrent.ThreadPoolExecutor$Worker.run(ThreadPoolExecutor.java:628)
	at java.base/java.lang.Thread.run(Thread.java:829)
2022-07-13_12:18:33.437 [pool-2-thread-2] DEBUG runnable.RunnableImpl - [PAGE] https://www.subito.it/annunci-emilia-romagna/affitto/appartamenti/bologna/bologna/?ps=200&pe=900&rs=3 [LIST]: 24
2022-07-13_12:18:33.448 [pool-2-thread-2] ERROR runnable.RunnableImpl - Generic error
java.lang.IllegalArgumentException: state should be: writes is not an empty list
	at com.mongodb.assertions.Assertions.isTrueArgument(Assertions.java:101)
	at com.mongodb.operation.MixedBulkWriteOperation.<init>(MixedBulkWriteOperation.java:113)
	at com.mongodb.internal.operation.Operations.insertMany(Operations.java:385)
	at com.mongodb.internal.operation.SyncOperations.insertMany(SyncOperations.java:205)
	at com.mongodb.client.internal.MongoCollectionImpl.executeInsertMany(MongoCollectionImpl.java:529)
	at com.mongodb.client.internal.MongoCollectionImpl.insertMany(MongoCollectionImpl.java:513)
	at com.mongodb.client.internal.MongoCollectionImpl.insertMany(MongoCollectionImpl.java:508)
	at data.HouseRepositoryMongo.saveHouses(HouseRepositoryMongo.java:30)
	at runnable.RunnableImpl.run(RunnableImpl.java:59)
	at java.base/java.util.concurrent.Executors$RunnableAdapter.call(Executors.java:515)
	at java.base/java.util.concurrent.FutureTask.run(FutureTask.java:264)
	at java.base/java.util.concurrent.ThreadPoolExecutor.runWorker(ThreadPoolExecutor.java:1128)
	at java.base/java.util.concurrent.ThreadPoolExecutor$Worker.run(ThreadPoolExecutor.java:628)
	at java.base/java.lang.Thread.run(Thread.java:829)
2022-07-13_12:19:17.254 [main] INFO  Bot - Getting configuration
2022-07-13_12:19:17.413 [main] INFO  Bot - Getting mongoDb
2022-07-13_12:19:18.619 [main] INFO  Bot - Getting starting pages
2022-07-13_12:19:24.195 [main] INFO  Bot - Getting executor
2022-07-13_12:19:24.195 [main] INFO  Bot - Getting Telegram Bot
2022-07-13_12:19:24.655 [main] INFO  Bot - Bot started
2022-07-13_12:19:31.825 [Bot Telegram Executor] INFO  Bot - [MSG] start [FROM] User(id=55585460, firstName=Adam, isBot=false, lastName=null, userName=adamf42, languageCode=en, canJoinGroups=null, canReadAllGroupMessages=null, supportInlineQueries=null, isPremium=null, addedToAttachmentMenu=null)
2022-07-13_12:19:39.406 [pool-2-thread-1] DEBUG runnable.RunnableImpl - [PAGE] https://www.immobiliare.it/affitto-case/bologna/?criterio=dataModifica&ordine=desc&prezzoMinimo=200&prezzoMassimo=900&superficieMinima=60&localiMinimo=3&idMZona[]=17&idMZona[]=23&idMZona[]=31 [LIST]: 14
2022-07-13_12:19:39.422 [pool-2-thread-1] ERROR runnable.RunnableImpl - Generic error
java.lang.IllegalArgumentException: state should be: writes is not an empty list
	at com.mongodb.assertions.Assertions.isTrueArgument(Assertions.java:101)
	at com.mongodb.operation.MixedBulkWriteOperation.<init>(MixedBulkWriteOperation.java:113)
	at com.mongodb.internal.operation.Operations.insertMany(Operations.java:385)
	at com.mongodb.internal.operation.SyncOperations.insertMany(SyncOperations.java:205)
	at com.mongodb.client.internal.MongoCollectionImpl.executeInsertMany(MongoCollectionImpl.java:529)
	at com.mongodb.client.internal.MongoCollectionImpl.insertMany(MongoCollectionImpl.java:513)
	at com.mongodb.client.internal.MongoCollectionImpl.insertMany(MongoCollectionImpl.java:508)
	at data.HouseRepositoryMongo.saveHouses(HouseRepositoryMongo.java:30)
	at runnable.RunnableImpl.run(RunnableImpl.java:59)
	at java.base/java.util.concurrent.Executors$RunnableAdapter.call(Executors.java:515)
	at java.base/java.util.concurrent.FutureTask.run(FutureTask.java:264)
	at java.base/java.util.concurrent.ThreadPoolExecutor.runWorker(ThreadPoolExecutor.java:1128)
	at java.base/java.util.concurrent.ThreadPoolExecutor$Worker.run(ThreadPoolExecutor.java:628)
	at java.base/java.lang.Thread.run(Thread.java:829)
2022-07-13_12:19:40.797 [pool-2-thread-2] DEBUG runnable.RunnableImpl - [PAGE] https://www.subito.it/annunci-emilia-romagna/affitto/appartamenti/bologna/bologna/?ps=200&pe=900&rs=3 [LIST]: 24
2022-07-13_12:19:40.797 [pool-2-thread-2] ERROR runnable.RunnableImpl - Generic error
java.lang.IllegalArgumentException: state should be: writes is not an empty list
	at com.mongodb.assertions.Assertions.isTrueArgument(Assertions.java:101)
	at com.mongodb.operation.MixedBulkWriteOperation.<init>(MixedBulkWriteOperation.java:113)
	at com.mongodb.internal.operation.Operations.insertMany(Operations.java:385)
	at com.mongodb.internal.operation.SyncOperations.insertMany(SyncOperations.java:205)
	at com.mongodb.client.internal.MongoCollectionImpl.executeInsertMany(MongoCollectionImpl.java:529)
	at com.mongodb.client.internal.MongoCollectionImpl.insertMany(MongoCollectionImpl.java:513)
	at com.mongodb.client.internal.MongoCollectionImpl.insertMany(MongoCollectionImpl.java:508)
	at data.HouseRepositoryMongo.saveHouses(HouseRepositoryMongo.java:30)
	at runnable.RunnableImpl.run(RunnableImpl.java:59)
	at java.base/java.util.concurrent.Executors$RunnableAdapter.call(Executors.java:515)
	at java.base/java.util.concurrent.FutureTask.run(FutureTask.java:264)
	at java.base/java.util.concurrent.ThreadPoolExecutor.runWorker(ThreadPoolExecutor.java:1128)
	at java.base/java.util.concurrent.ThreadPoolExecutor$Worker.run(ThreadPoolExecutor.java:628)
	at java.base/java.lang.Thread.run(Thread.java:829)
2022-07-13_12:19:41.087 [pool-2-thread-3] DEBUG runnable.RunnableImpl - [PAGE] https://www.casa.it/srp/?tr=affitti&numRoomsMin=3&priceMin=200&priceMax=900&propertyTypeGroup=case&q=12d65861%2C171c3cab%2C035cb1f0%2C853e62a4%2Cd2a360ef%2Cd80cd525 [LIST]: 16
2022-07-13_12:19:41.089 [pool-2-thread-3] ERROR runnable.RunnableImpl - Generic error
java.lang.IllegalArgumentException: state should be: writes is not an empty list
	at com.mongodb.assertions.Assertions.isTrueArgument(Assertions.java:101)
	at com.mongodb.operation.MixedBulkWriteOperation.<init>(MixedBulkWriteOperation.java:113)
	at com.mongodb.internal.operation.Operations.insertMany(Operations.java:385)
	at com.mongodb.internal.operation.SyncOperations.insertMany(SyncOperations.java:205)
	at com.mongodb.client.internal.MongoCollectionImpl.executeInsertMany(MongoCollectionImpl.java:529)
	at com.mongodb.client.internal.MongoCollectionImpl.insertMany(MongoCollectionImpl.java:513)
	at com.mongodb.client.internal.MongoCollectionImpl.insertMany(MongoCollectionImpl.java:508)
	at data.HouseRepositoryMongo.saveHouses(HouseRepositoryMongo.java:30)
	at runnable.RunnableImpl.run(RunnableImpl.java:59)
	at java.base/java.util.concurrent.Executors$RunnableAdapter.call(Executors.java:515)
	at java.base/java.util.concurrent.FutureTask.run(FutureTask.java:264)
	at java.base/java.util.concurrent.ThreadPoolExecutor.runWorker(ThreadPoolExecutor.java:1128)
	at java.base/java.util.concurrent.ThreadPoolExecutor$Worker.run(ThreadPoolExecutor.java:628)
	at java.base/java.lang.Thread.run(Thread.java:829)
2022-07-13_12:19:51.944 [pool-2-thread-4] DEBUG runnable.RunnableImpl - [PAGE] https://www.idealista.it/affitto-case/bologna-bologna/con-prezzo_900,prezzo-min_200,trilocali-3,quadrilocali-4,5-locali-o-piu/?ordine=pubblicazione-desc [LIST]: 43
2022-07-13_12:19:51.944 [pool-2-thread-4] INFO  runnable.RunnableImpl - [NEW LINK] https://www.idealista.it/immobile/23895906/
2022-07-13_12:19:51.963 [pool-2-thread-4] INFO  runnable.RunnableImpl - [NEW LINK] https://www.idealista.it/immobile/25192833/
2022-07-13_12:19:51.963 [pool-2-thread-4] INFO  runnable.RunnableImpl - [NEW LINK] https://www.idealista.it/immobile/25192158/
2022-07-13_12:19:51.963 [pool-2-thread-4] INFO  runnable.RunnableImpl - [NEW LINK] https://www.idealista.it/immobile/25190100/
2022-07-13_12:19:51.963 [pool-2-thread-4] INFO  runnable.RunnableImpl - [NEW LINK] https://www.idealista.it/immobile/25006290/
2022-07-13_12:23:59.182 [main] INFO  Bot - Getting configuration
2022-07-13_12:23:59.282 [main] INFO  Bot - Getting mongoDb
2022-07-13_12:24:00.048 [main] INFO  Bot - Getting starting pages
2022-07-13_12:24:03.325 [main] INFO  Bot - Getting executor
2022-07-13_12:24:03.325 [main] INFO  Bot - Getting Telegram Bot
2022-07-13_12:24:03.915 [main] INFO  Bot - Bot started
2022-07-13_12:30:01.118 [Bot Telegram Executor] INFO  Bot - [MSG] start [FROM] User(id=55585460, firstName=Adam, isBot=false, lastName=null, userName=adamf42, languageCode=en, canJoinGroups=null, canReadAllGroupMessages=null, supportInlineQueries=null, isPremium=null, addedToAttachmentMenu=null)
2022-07-13_12:30:08.914 [pool-2-thread-3] DEBUG runnable.RunnableImpl - [PAGE] https://www.casa.it/srp/?tr=affitti&numRoomsMin=3&priceMin=200&priceMax=900&propertyTypeGroup=case&q=12d65861%2C171c3cab%2C035cb1f0%2C853e62a4%2Cd2a360ef%2Cd80cd525 [LIST]: 16
2022-07-13_12:30:09.969 [pool-2-thread-1] DEBUG runnable.RunnableImpl - [PAGE] https://www.immobiliare.it/affitto-case/bologna/?criterio=dataModifica&ordine=desc&prezzoMinimo=200&prezzoMassimo=900&superficieMinima=60&localiMinimo=3&idMZona[]=17&idMZona[]=23&idMZona[]=31 [LIST]: 14
2022-07-13_12:30:10.705 [pool-2-thread-2] DEBUG runnable.RunnableImpl - [PAGE] https://www.subito.it/annunci-emilia-romagna/affitto/appartamenti/bologna/bologna/?ps=200&pe=900&rs=3 [LIST]: 24
2022-07-13_12:30:18.303 [pool-2-thread-4] DEBUG runnable.RunnableImpl - [PAGE] https://www.idealista.it/affitto-case/bologna-bologna/con-prezzo_900,prezzo-min_200,trilocali-3,quadrilocali-4,5-locali-o-piu/?ordine=pubblicazione-desc [LIST]: 44
2022-07-13_12:30:18.303 [pool-2-thread-4] INFO  runnable.RunnableImpl - [NEW LINK] https://www.idealista.it/immobile/25198547/
2022-07-13_12:36:34.955 [pool-2-thread-2] DEBUG runnable.RunnableImpl - [PAGE] https://www.subito.it/annunci-emilia-romagna/affitto/appartamenti/bologna/bologna/?ps=200&pe=900&rs=3 [LIST]: 24
2022-07-13_12:37:26.742 [pool-2-thread-1] DEBUG runnable.RunnableImpl - [PAGE] https://www.immobiliare.it/affitto-case/bologna/?criterio=dataModifica&ordine=desc&prezzoMinimo=200&prezzoMassimo=900&superficieMinima=60&localiMinimo=3&idMZona[]=17&idMZona[]=23&idMZona[]=31 [LIST]: 14
2022-07-13_12:39:33.215 [pool-2-thread-3] DEBUG runnable.RunnableImpl - [PAGE] https://www.casa.it/srp/?tr=affitti&numRoomsMin=3&priceMin=200&priceMax=900&propertyTypeGroup=case&q=12d65861%2C171c3cab%2C035cb1f0%2C853e62a4%2Cd2a360ef%2Cd80cd525 [LIST]: 16
2022-07-13_12:40:13.778 [pool-2-thread-4] DEBUG runnable.RunnableImpl - [PAGE] https://www.idealista.it/affitto-case/bologna-bologna/con-prezzo_900,prezzo-min_200,trilocali-3,quadrilocali-4,5-locali-o-piu/?ordine=pubblicazione-desc [LIST]: 44
2022-07-13_12:42:03.461 [pool-2-thread-2] DEBUG runnable.RunnableImpl - [PAGE] https://www.subito.it/annunci-emilia-romagna/affitto/appartamenti/bologna/bologna/?ps=200&pe=900&rs=3 [LIST]: 24
2022-07-13_12:44:40.594 [pool-2-thread-1] DEBUG runnable.RunnableImpl - [PAGE] https://www.immobiliare.it/affitto-case/bologna/?criterio=dataModifica&ordine=desc&prezzoMinimo=200&prezzoMassimo=900&superficieMinima=60&localiMinimo=3&idMZona[]=17&idMZona[]=23&idMZona[]=31 [LIST]: 14
2022-07-13_12:50:59.726 [main] INFO  Bot - Getting configuration
2022-07-13_12:50:59.834 [main] INFO  Bot - Getting mongoDb
2022-07-13_12:51:00.618 [main] INFO  Bot - Getting starting pages
2022-07-13_12:51:03.816 [main] INFO  Bot - Getting executor
2022-07-13_12:51:03.816 [main] INFO  Bot - Getting Telegram Bot
2022-07-13_12:51:04.264 [main] INFO  Bot - Bot started
2022-07-13_12:53:35.540 [Bot Telegram Executor] INFO  Bot - [MSG] start [FROM] User(id=55585460, firstName=Adam, isBot=false, lastName=null, userName=adamf42, languageCode=en, canJoinGroups=null, canReadAllGroupMessages=null, supportInlineQueries=null, isPremium=null, addedToAttachmentMenu=null)
2022-07-13_12:53:35.847 [pool-2-thread-2] DEBUG runnable.RunnableImpl - [WEBSITE] https://www.subito.it [NAV INTERVAL] 10000
2022-07-13_12:53:36.188 [pool-2-thread-3] DEBUG runnable.RunnableImpl - [WEBSITE] https://www.casa.it [NAV INTERVAL] 6000
2022-07-13_12:53:36.409 [pool-2-thread-4] DEBUG runnable.RunnableImpl - [WEBSITE] https://www.idealista.it [NAV INTERVAL] 8000
2022-07-13_12:53:36.466 [pool-2-thread-1] DEBUG runnable.RunnableImpl - [WEBSITE] https://www.immobiliare.it [NAV INTERVAL] 5000
2022-07-13_12:53:41.485 [pool-2-thread-1] DEBUG runnable.RunnableImpl - [PAGE] https://www.immobiliare.it/affitto-case/bologna/?criterio=dataModifica&ordine=desc&prezzoMinimo=200&prezzoMassimo=900&superficieMinima=60&localiMinimo=3&idMZona[]=17&idMZona[]=23&idMZona[]=31 [LIST]: 14
2022-07-13_12:53:41.486 [pool-2-thread-1] DEBUG runnable.RunnableImpl - [WEBSITE] https://www.immobiliare.it [SLEEP] 274000
2022-07-13_12:53:42.204 [pool-2-thread-3] DEBUG runnable.RunnableImpl - [PAGE] https://www.casa.it/srp/?tr=affitti&numRoomsMin=3&priceMin=200&priceMax=900&propertyTypeGroup=case&q=12d65861%2C171c3cab%2C035cb1f0%2C853e62a4%2Cd2a360ef%2Cd80cd525 [LIST]: 15
2022-07-13_12:53:42.204 [pool-2-thread-3] DEBUG runnable.RunnableImpl - [WEBSITE] https://www.casa.it [SLEEP] 248000
2022-07-13_12:53:44.903 [pool-2-thread-4] DEBUG runnable.RunnableImpl - [WEBSITE] https://www.idealista.it [NAV INTERVAL] 10000
2022-07-13_12:53:45.869 [pool-2-thread-2] DEBUG runnable.RunnableImpl - [PAGE] https://www.subito.it/annunci-emilia-romagna/affitto/appartamenti/bologna/bologna/?ps=200&pe=900&rs=3 [LIST]: 24
2022-07-13_12:53:45.869 [pool-2-thread-2] DEBUG runnable.RunnableImpl - [WEBSITE] https://www.subito.it [SLEEP] 214000
2022-07-13_12:53:54.911 [pool-2-thread-4] DEBUG runnable.RunnableImpl - [PAGE] https://www.idealista.it/affitto-case/bologna-bologna/con-prezzo_900,prezzo-min_200,trilocali-3,quadrilocali-4,5-locali-o-piu/?ordine=pubblicazione-desc [LIST]: 44
2022-07-13_12:53:54.911 [pool-2-thread-4] DEBUG runnable.RunnableImpl - [WEBSITE] https://www.idealista.it [SLEEP] 224000
2022-07-13_12:57:21.033 [pool-2-thread-2] DEBUG runnable.RunnableImpl - [WEBSITE] https://www.subito.it [NAV INTERVAL] 7000
2022-07-13_12:57:28.043 [pool-2-thread-2] DEBUG runnable.RunnableImpl - [PAGE] https://www.subito.it/annunci-emilia-romagna/affitto/appartamenti/bologna/bologna/?ps=200&pe=900&rs=3 [LIST]: 24
2022-07-13_12:57:28.043 [pool-2-thread-2] DEBUG runnable.RunnableImpl - [WEBSITE] https://www.subito.it [SLEEP] 227000
2022-07-13_12:57:40.002 [pool-2-thread-4] DEBUG runnable.RunnableImpl - [WEBSITE] https://www.idealista.it [NAV INTERVAL] 6000
2022-07-13_12:57:46.513 [pool-2-thread-4] DEBUG runnable.RunnableImpl - [WEBSITE] https://www.idealista.it [NAV INTERVAL] 10000
2022-07-13_12:57:50.751 [pool-2-thread-3] DEBUG runnable.RunnableImpl - [WEBSITE] https://www.casa.it [NAV INTERVAL] 6000
2022-07-13_12:57:56.518 [pool-2-thread-4] DEBUG runnable.RunnableImpl - [PAGE] https://www.idealista.it/affitto-case/bologna-bologna/con-prezzo_900,prezzo-min_200,trilocali-3,quadrilocali-4,5-locali-o-piu/?ordine=pubblicazione-desc [LIST]: 44
2022-07-13_12:57:56.518 [pool-2-thread-4] DEBUG runnable.RunnableImpl - [WEBSITE] https://www.idealista.it [SLEEP] 206000
2022-07-13_12:57:56.766 [pool-2-thread-3] DEBUG runnable.RunnableImpl - [PAGE] https://www.casa.it/srp/?tr=affitti&numRoomsMin=3&priceMin=200&priceMax=900&propertyTypeGroup=case&q=12d65861%2C171c3cab%2C035cb1f0%2C853e62a4%2Cd2a360ef%2Cd80cd525 [LIST]: 15
2022-07-13_12:57:56.767 [pool-2-thread-3] DEBUG runnable.RunnableImpl - [WEBSITE] https://www.casa.it [SLEEP] 169000
2022-07-13_12:58:16.010 [pool-2-thread-1] DEBUG runnable.RunnableImpl - [WEBSITE] https://www.immobiliare.it [NAV INTERVAL] 5000
2022-07-13_12:58:21.027 [pool-2-thread-1] DEBUG runnable.RunnableImpl - [PAGE] https://www.immobiliare.it/affitto-case/bologna/?criterio=dataModifica&ordine=desc&prezzoMinimo=200&prezzoMassimo=900&superficieMinima=60&localiMinimo=3&idMZona[]=17&idMZona[]=23&idMZona[]=31 [LIST]: 14
2022-07-13_12:58:21.028 [pool-2-thread-1] DEBUG runnable.RunnableImpl - [WEBSITE] https://www.immobiliare.it [SLEEP] 187000
2022-07-13_13:00:46.075 [pool-2-thread-3] DEBUG runnable.RunnableImpl - [WEBSITE] https://www.casa.it [NAV INTERVAL] 5000
2022-07-13_13:00:51.082 [pool-2-thread-3] DEBUG runnable.RunnableImpl - [PAGE] https://www.casa.it/srp/?tr=affitti&numRoomsMin=3&priceMin=200&priceMax=900&propertyTypeGroup=case&q=12d65861%2C171c3cab%2C035cb1f0%2C853e62a4%2Cd2a360ef%2Cd80cd525 [LIST]: 15
2022-07-13_13:00:51.082 [pool-2-thread-3] DEBUG runnable.RunnableImpl - [WEBSITE] https://www.casa.it [SLEEP] 283000
2022-07-13_13:01:15.553 [pool-2-thread-2] DEBUG runnable.RunnableImpl - [WEBSITE] https://www.subito.it [NAV INTERVAL] 7000
2022-07-13_13:01:22.566 [pool-2-thread-2] DEBUG runnable.RunnableImpl - [PAGE] https://www.subito.it/annunci-emilia-romagna/affitto/appartamenti/bologna/bologna/?ps=200&pe=900&rs=3 [LIST]: 24
2022-07-13_13:01:22.567 [pool-2-thread-2] DEBUG runnable.RunnableImpl - [WEBSITE] https://www.subito.it [SLEEP] 155000
2022-07-13_13:01:23.460 [pool-2-thread-4] DEBUG runnable.RunnableImpl - [WEBSITE] https://www.idealista.it [NAV INTERVAL] 10000
2022-07-13_13:01:28.569 [pool-2-thread-1] DEBUG runnable.RunnableImpl - [WEBSITE] https://www.immobiliare.it [NAV INTERVAL] 10000
2022-07-13_13:01:33.951 [pool-2-thread-4] DEBUG runnable.RunnableImpl - [WEBSITE] https://www.idealista.it [NAV INTERVAL] 8000
2022-07-13_13:01:38.570 [pool-2-thread-1] DEBUG runnable.RunnableImpl - [PAGE] https://www.immobiliare.it/affitto-case/bologna/?criterio=dataModifica&ordine=desc&prezzoMinimo=200&prezzoMassimo=900&superficieMinima=60&localiMinimo=3&idMZona[]=17&idMZona[]=23&idMZona[]=31 [LIST]: 14
2022-07-13_13:01:38.570 [pool-2-thread-1] DEBUG runnable.RunnableImpl - [WEBSITE] https://www.immobiliare.it [SLEEP] 175000
2022-07-13_13:01:41.952 [pool-2-thread-4] DEBUG runnable.RunnableImpl - [PAGE] https://www.idealista.it/affitto-case/bologna-bologna/con-prezzo_900,prezzo-min_200,trilocali-3,quadrilocali-4,5-locali-o-piu/?ordine=pubblicazione-desc [LIST]: 44
2022-07-13_13:01:41.953 [pool-2-thread-4] DEBUG runnable.RunnableImpl - [WEBSITE] https://www.idealista.it [SLEEP] 153000
2022-07-13_13:03:59.088 [pool-2-thread-2] DEBUG runnable.RunnableImpl - [WEBSITE] https://www.subito.it [NAV INTERVAL] 10000
2022-07-13_13:04:09.099 [pool-2-thread-2] DEBUG runnable.RunnableImpl - [PAGE] https://www.subito.it/annunci-emilia-romagna/affitto/appartamenti/bologna/bologna/?ps=200&pe=900&rs=3 [LIST]: 24
2022-07-13_13:04:09.099 [pool-2-thread-2] DEBUG runnable.RunnableImpl - [WEBSITE] https://www.subito.it [SLEEP] 160000
